&auscom_ice_nml
    aice_cutoff = 0.15
    chk_fields_period = 1
    chk_fields_start_time = 0
    chk_i2o_fields = .false.
    chk_o2i_fields = .false.
    do_ice_once = .false.
    dt_cpl = 1800
    fixmeltt = .false.
    frazil_factor = 1.0
    iceform_adj_salt = .false.
    icemlt_factor = 1.0
    ige = 345
    igs = 328
    ire1 = 324
    ire2 = 331
    irs1 = 314
    irs2 = 325
    jge = 198
    jgs = 189
    jre1 = 196
    jre2 = 180
    jrs1 = 169
    jrs2 = 169
    kmxice = 5
    ksmax = 5
    limit_srfstress = .false.
    mstress = 2.0
    pop_icediag = .true.
    redsea_gulfbay_sfix = .false.
    sfix_hours = 12
    sign_stflx = 1.0
    tlthk0 = 10.0
    tmelt = -0.216
    use_ioaice = .true.
/

&data_override_nml
    debug_data_override = .false.
    grid_center_bug = .false.
/

&diag_manager_nml
    append_pelist_name = .false.
    conserve_water = .true.
    debug_diag_manager = .true.
    do_diag_field_log = .false.
    issue_oor_warnings = .true.
    max_axes = 60
    max_field_attributes = 2
    max_file_attributes = 2
    max_files = 31
    max_input_fields = 300
    max_num_axis_sets = 25
    max_out_per_in_field = 150
    max_output_fields = 300
    mix_snapshot_average_fields = .false.
    oor_warnings_fatal = .false.
    prepend_date = .true.
    region_out_use_alt_value = .true.
    use_cmor = .false.
    write_bytes_in_file = .false.
/

&fms_io_nml
    checksum_required = .true.
    debug_mask_list = .false.
    dr_set_size = 10
    fileset_write = 'single'
    fms_netcdf_override = .true.
    fms_netcdf_restart = .true.
    format = 'netcdf'
    iospec_ieee32 = '-', 'N', 'ieee_32'
    max_files_r = 40
    max_files_w = 40
    print_chksum = .false.
    read_all_pe = .true.
    read_data_bug = .false.
    show_open_namelist_file_warning = .false.
    threading_read = 'multi'
    threading_write = 'single'
    time_stamp_restart = .true.
/

&fms_nml
    clock_flags = 'NONE'
    clock_grain = 'LOOP'
    domains_stack_size = 0
    iospec_ieee32 = '-', 'N', 'ieee_32'
    print_memory_usage = .false.
    read_all_pe = .true.
    stack_size = 0
    warning_level = 'warning'
/

&get_cal_time_nml
    allow_calendar_conversion = .true.
/

&horiz_interp_nml
    reproduce_siena = .false.
/

&mom_oasis3_interface_nml
    fields_in = 'u_flux', 'v_flux', 'lprec', 'fprec', 'salt_flx', 'mh_flux',
                'sw_flux', 'q_flux', 't_flux', 'lw_flux', 'runof', 'p',
                'aice', 'wfimelt', 'wfiform'
    fields_out = 't_surf', 's_surf', 'u_surf', 'v_surf', 'dssldx', 'dssldy',
                 'frazil'
    num_fields_in = 15
    num_fields_out = 7
    send_after_ocean_update = .true.
    send_before_ocean_update = .false.
/

&mpp_io_nml
    deflate_level = -1
    global_field_on_root_pe = .true.
    header_buffer_val = 16384
    io_clocks_on = .false.
    shuffle = 0
/

&ocean_adv_vel_diag_nml
    diag_step = 4320
    large_cfl_value = 10.0
    max_cfl_value = 100.0
    verbose_cfl = .true.
/

&ocean_advection_velocity_nml
    constant_advection_velocity = .false.
    debug_this_module = .false.
    inflow_nboundary = .false.
    max_advection_velocity = 0.5
    read_advection_transport = .false.
    read_advection_velocity = .false.
/

&ocean_barotropic_nml
    alphat = 0.948
    barotropic_halo = 10
    barotropic_time_stepping_a = .true.
    barotropic_time_stepping_b = .false.
    debug_this_module = .false.
    diag_step = 4320
    do_bitwise_exact_sum = .false.
    eta_max = 8.0
    eta_offset = 1e-12
    frac_crit_cell_height = 0.2
    geoid_forcing = .false.
    ideal_initial_eta = .false.
    ideal_initial_eta_amplitude = 5.0
    ideal_initial_eta_xwidth = 100000.0
    ideal_initial_eta_ywidth = 100000.0
    initsum_with_bar_mom4p0 = .false.
    initsum_with_bar_mom4p1 = .true.
    pbot_offset = 1e-12
    pred_corr_gamma = 0.2
    smooth_anompb_bt_biharmonic = .false.
    smooth_anompb_bt_laplacian = .false.
    smooth_eta_diag_biharmonic = .false.
    smooth_eta_diag_laplacian = .true.
    smooth_eta_t_biharmonic = .false.
    smooth_eta_t_bt_biharmonic = .false.
    smooth_eta_t_bt_laplacian = .false.
    smooth_eta_t_laplacian = .true.
    smooth_pbot_t_biharmonic = .false.
    smooth_pbot_t_biharmonic_legacy = .false.
    smooth_pbot_t_laplacian = .true.
    tidal_forcing_8 = .false.
    tidal_forcing_ideal = .false.
    tidal_forcing_m2 = .false.
    truncate_eta = .false.
    udrho_bih = .false.
    udrho_bih_vel_micom = 0.01
    udrho_bt_bih = .false.
    udrho_bt_lap = .false.
    udrho_lap = .false.
    udrho_lap_vel_micom = 0.05
    use_legacy_barotropic_halos = .false.
    vel_micom_bih = 0.01
    vel_micom_bih_diag = 0.1
    vel_micom_lap = 0.05
    vel_micom_lap_diag = 0.2
    verbose_init = .true.
    verbose_truncate = .true.
    write_a_restart = .true.
    zero_coriolis_bt = .false.
    zero_eta_ic = .false.
    zero_eta_t = .false.
    zero_eta_tendency = .false.
    zero_eta_u = .false.
    zero_forcing_bt = .false.
    zero_nonlinear_forcing_bt = .false.
    zero_tendency = .false.
/

&ocean_bbc_nml
    bmf_implicit = .true.
    bmf_max = 1.0
    cdbot = 0.001
    cdbot_gamma = 40.0
    cdbot_hh = 1100.0
    cdbot_hi = 0.007
    cdbot_law_of_wall = .false.
    cdbot_lo = 0.001
    cdbot_roughness_length = .false.
    cdbot_roughness_uamp = .true.
    cdbot_uu = 1.0
    cdbot_wave = .false.
    convert_geothermal = 0.001
    debug_this_module = .false.
    law_of_wall_rough_length = 0.01
    uresidual = 0.05
    use_geothermal_heating = .false.
    uvmag_max = 10.0
/

&ocean_bbc_ofam_nml
    read_tide_speed = .false.
    uresidual2_max = 0.05
/

&ocean_bih_friction_nml
    bih_friction_scheme = 'general'
    debug_this_module = .false.
    write_a_restart = .true.
/

&ocean_bih_tracer_nml
    abih = 0.0
    horz_s_diffuse = .true.
    horz_z_diffuse = .false.
    read_diffusivity_mask = .false.
    tracer_mix_micom = .true.
    use_this_module = .false.
    vel_micom = 0.001
/

&ocean_bihgen_friction_nml
    bottom_5point = .false.
    debug_this_module = .false.
    eq_lat_micom = 0.0
    eq_vel_micom_aniso = 0.0
    eq_vel_micom_iso = 0.0
    equatorial_zonal = .false.
    equatorial_zonal_lat = 0.0
    k_smag_aniso = 0.0
    k_smag_iso = 2.0
    ncar_boundary_scaling = .true.
    ncar_boundary_scaling_read = .true.
    ncar_rescale_power = 2
    ncar_vconst_4 = 2e-08
    ncar_vconst_5 = 5
    neptune = .false.
    neptune_depth_min = 100.0
    neptune_length_eq = 4200.0
    neptune_length_pole = 17000.0
    neptune_scaling = 1.0
    neptune_smooth = .true.
    neptune_smooth_num = 1
    read_aiso_bih_back = .false.
    side_drag_friction_max = 1.0
    side_drag_friction_scaling = 1.0
    side_drag_friction_uvmag_max = 10.0
    use_side_drag_friction = .false.
    use_this_module = .true.
    vel_micom_aniso = 0.0
    vel_micom_bottom = 0.0
    vel_micom_iso = 0.0
    visc_crit_scale = 1.0
    visc_diverge_scaling = 0.0
/

&ocean_blob_nml
    bitwise_reproduction = .false.
    blob_small_mass = 1000.0
    debug_this_module = .false.
    do_bitwise_exact_sum = .false.
    max_prop_thickness = 0.7
    really_debug = .false.
/

&ocean_convect_nml
    convect_full_scalar = .true.
    convect_full_vector = .false.
    convect_ncon = .false.
    ncon = 7
    use_this_module = .false.
/

&ocean_coriolis_nml
    acor = 0.5
    debug_this_module = .false.
    use_this_module = .true.
/

&ocean_density_nml
    alpha_linear_eos = 0.255
    beta_linear_eos = 0.0
    buoyfreq_smooth_vert = .true.
    debug_this_module = .false.
    density_equal_potrho = .false.
    do_bitwise_exact_sum = .false.
    drhodz_diag_stable = .true.
    eos_linear = .false.
    eos_preteos10 = .true.
    eos_teos10 = .false.
    epsln_drhodz = 1e-10
    epsln_drhodz_diag = 1e-10
    grad_nrho_lrpotrho_compute = .false.
    grad_nrho_lrpotrho_max = 10.0
    grad_nrho_lrpotrho_min = 1.0
    layer_nk = 80
    mask_domain_restart = .false.
    neutral_density_omega = .false.
    neutral_density_potrho = .true.
    neutralrho_max = 1038.0
    neutralrho_min = 1028.0
    num_121_passes = 1
    p_test = 1000.0
    potrho_max = 1038.0
    potrho_min = 1028.0
    potrho_press = 2000.0
    press_standard = 0.0
    rho0_density = .false.
    s_test = 20.0
    smax_diag = -1.0
    smax_min_in_column = .false.
    smooth_stratification_factor = .false.
    sn_test = 35.0
    t_test = 20.0
    theta_max = 30.0
    theta_min = -2.0
    tn_test = 20.0
    update_diagnostic_factors = .false.
    write_a_restart = .true.
/

&ocean_domains_nml
    halo = 1
    max_tracers = 5
    x_cyclic_offset = 0
    y_cyclic_offset = 0
/

&ocean_drifters_nml
    output_interval = 1
    use_this_module = .false.
/

&ocean_form_drag_nml
    agm_form_drag = 600.0
    cprime_aiki = 0.3
    debug_this_module = .false.
    form_drag_aiki_bottom_klevels = 3
    form_drag_aiki_bottom_layer = .false.
    form_drag_aiki_gradh_max = 0.05
    form_drag_aiki_gradh_power = 1.0
    form_drag_aiki_scale_by_gm = .false.
    form_drag_aiki_scale_by_gradh = .false.
    form_drag_gbatch_alpha = 300000000.0
    form_drag_gbatch_alpha_f2 = .false.
    form_drag_gbatch_f2overn2 = .false.
    form_drag_gbatch_f2overnb2 = .false.
    form_drag_gbatch_f2overno2 = .false.
    form_drag_gbatch_no = 0.005
    form_drag_gbatch_smooth_n2 = .false.
    form_drag_gbatch_surf_layer = .false.
    ksurf_blayer_min = 3
    n_squared_min = 1e-10
    num_121_passes = 1
    use_form_drag_aiki = .false.
    use_form_drag_gbatch = .false.
    use_this_module = .false.
    vel_form_drag_max = 1.0
    verbose_init = .true.
    visc_cbu_form_drag_max = 1.0
/

&ocean_frazil_nml
    air_saturated_water = .true.
    debug_this_module = .false.
    frazil_factor = 1.0
    frazil_only_in_surface = .false.
    freezing_temp_preteos10 = .true.
    freezing_temp_simple = .false.
    freezing_temp_teos10 = .false.
    use_this_module = .true.
/

&ocean_grids_nml
    debug_this_module = .false.
    do_bitwise_exact_sum = .false.
    read_rho0_profile = .false.
    verbose_init = .true.
    write_grid = .false.
/

&ocean_increment_eta_nml
    days_to_increment = 1
    fraction_increment = 1.0
    secs_to_increment = 0
    use_this_module = .false.
/

&ocean_increment_tracer_nml
    days_to_increment = 1
    fraction_increment = 1.0
    secs_to_increment = 0
    use_this_module = .false.
/

&ocean_increment_velocity_nml
    days_to_increment = 1
    fraction_increment = 1.0
    secs_to_increment = 0
    use_this_module = .false.
/

&ocean_lap_friction_nml
    debug_this_module = .false.
    lap_friction_scheme = 'general'
    write_a_restart = .true.
/

&ocean_lap_tracer_nml
    alap = 0.0
    horz_s_diffuse = .true.
    horz_z_diffuse = .false.
    read_diffusivity_mask = .false.
    tracer_mix_micom = .false.
    use_this_module = .false.
    vel_micom = 0.0
    verbose_init = .true.
/

&ocean_lapgen_friction_nml
    async_domain_update = .false.
    blocksize = 10
    bottom_5point = .false.
    debug_ncar_a = .false.
    debug_ncar_b = .false.
    debug_this_module = .false.
    divergence_damp = .false.
    divergence_damp_vel_micom = 0.0
    eq_lat_micom = 0.0
    eq_vel_micom_aniso = 0.0
    eq_vel_micom_iso = 0.0
    equatorial_no_smag = .false.
    equatorial_zonal = .false.
    equatorial_zonal_lat = 0.0
    k_smag_aniso = 0.0
    k_smag_iso = 2.0
    ncar_isotropic_at_depth = .false.
    ncar_isotropic_at_depth_visc = 10000.0
    ncar_isotropic_depth = 4000.0
    ncar_isotropic_off_equator = .false.
    ncar_only_equatorial = .false.
    neptune = .false.
    neptune_depth_min = 100.0
    neptune_length_eq = 1200.0
    neptune_length_pole = 3000.0
    neptune_smooth = .true.
    neptune_smooth_num = 1
    restrict_polar_visc = .false.
    restrict_polar_visc_lat = 60.0
    restrict_polar_visc_ratio = 0.35
    side_drag_friction_max = 1.0
    side_drag_friction_scaling = 1.0
    side_drag_friction_uvmag_max = 10.0
    use_side_drag_friction = .false.
    use_this_module = .false.
    vconst_1 = 10000000.0
    vconst_2 = 0.0
    vconst_3 = 0.16
    vconst_4 = 2e-08
    vconst_5 = 3
    vconst_6 = 10000000.0
    vconst_7 = 100.0
    vconst_8 = 45.0
    vel_micom_aniso = 0.0
    vel_micom_iso = 0.0
    visc_vel_scale_length = 150000.0
    viscosity_ncar = .false.
    viscosity_ncar_2000 = .true.
    viscosity_ncar_2007 = .false.
    viscosity_scale_by_rossby = .false.
    viscosity_scale_by_rossby_power = 2.0
/

&ocean_mixdownslope_nml
    debug_this_module = .false.
    do_bitwise_exact_sum = .false.
    mixdownslope_frac_central = 0.25
    mixdownslope_mask_gfdl = .false.
    mixdownslope_npts = 1
    mixdownslope_weight_far = .false.
    mixdownslope_width = 1
    read_mixdownslope_mask = .false.
    use_this_module = .false.
/

&ocean_model_nml
    baroclinic_split = 1
    barotropic_split = 80
    cmip_units = .true.
    debug = .false.
    dt_ocean = 1800
    horizontal_grid = 'bgrid'
    impose_init_from_restart = .false.
    io_layout = 6, 5
    layout = 48, 40
    mask_table = 'INPUT'
    reinitialize_thickness = .false.
    surface_height_split = 1
    time_tendency = 'twolevel'
    use_blobs = .false.
    use_velocity_override = .false.
    vertical_coordinate = 'zstar'
/

&ocean_momentum_source_nml
    debug_this_module = .false.
    rayleigh_damp_exp_from_bottom = .false.
    rayleigh_damp_exp_scale = 100.0
    rayleigh_damp_exp_time = 864000.0
    use_rayleigh_damp_table = .true.
    use_this_module = .true.
    verbose_init = .true.
/

&ocean_nphysics_new_nml
    drhodz_smooth_horz = .false.
    drhodz_smooth_vert = .false.
    smax = 0.01
    use_this_module = .false.
    vel_micom_smooth = 0.2
/

&ocean_nphysics_nml
    debug_this_module = .false.
    use_nphysicsa = .false.
    use_nphysicsb = .false.
    use_nphysicsc = .false.
    use_this_module = .false.
    write_a_restart = .true.
/

&ocean_nphysics_util_new_nml
    num_121_passes = 1
/

&ocean_obc_nml
    ctrop_inc = 0.0, 0.0, 0.0, 0.0
    ctrop_max = 1.5, 1.5, 1.5, 1.5
    ctrop_min = 0.1, 0.1, 0.1, 0.1
    ctrop_smooth = 0.7, 0.7, 0.7, 0.7
    direction = ,
    enh_fac_d = 1.0, 1.0, 1.0, 1.0
    enh_fac_v = 0.9, 0.9, 0.9, 0.9
    enh_pnts = 1, 1, 1, 1
    fieldname_eta = 'eta_t', 'none', 'none', 'none'
    fieldname_ud = 'ud', 'none', 'none', 'none'
    filename_eta = 'obc_eta_t', '.nc', 'none', 'none', 'none'
    filename_tracer = 'INPUT'
    filename_ud = 'obc_ud', '.nc', 'none', 'none', 'none'
    ie = -999, -999, -999, -999
    iere = -999, -999, -999, -999
    iers = -999, -999, -999, -999
    is = -999, -999, -999, -999
    itre = -999, -999, -999, -999
    itrs = -999, -999, -999, -999
    je = -999, -999, -999, -999
    jere = -999, -999, -999, -999
    jers = -999, -999, -999, -999
    js = -999, -999, -999, -999
    jtre = -999, -999, -999, -999
    jtrs = -999, -999, -999, -999
    name = 'test_obc', 'none', 'none', 'none'
    nobc = 0
    obc_adjust_forcing_bt = .false., .false., .false., .false.
    obc_consider_convu = .false., .false., .false., .false.
    obc_consider_sources = .false., .false., .false., .false., .false.,
                           .false., .false., .false., .false., .false.,
                           .false., .false., .false., .false., .false.,
                           .false., .false., .false., .false., .false.,
                           .false., .false., .false., .false., .false.,
                           .false., .false., .false., .false., .false.,
                           .false., .false., .false., .false., .false.,
                           .false., .false., .false., .false., .false.,
    obc_enhance_diff_back = 'NONE', 'NONE', 'NONE', 'NONE'
    obc_enhance_visc_back = 'NONE', 'NONE', 'NONE', 'NONE'
    obc_eta = 'NOTHIN', 'NOTHIN', 'NOTHIN', 'NOTHIN'
    obc_flow_relax = 1, 1, 1, 1, 1, 1, 1, 1, 1, 1, 1, 1, 1, 1, 1, 1, 1,
                     1, 1, 1, 1, 1, 1, 1, 1, 1, 1, 1, 1, 1, 1, 1, 1, 1,
                     1, 1, 1, 1, 1, 1
    obc_mix = 'NOGRAD', 'NOGRAD', 'NOGRAD', 'NOGRAD'
    obc_nor = 'NOGRAD', 'NOGRAD', 'NOGRAD', 'NOGRAD'
    obc_relax_tracer = .false., .false., .false., .false., .false., .false.,
                       .false., .false., .false., .false., .false., .false.,
                       .false., .false., .false., .false., .false., .false.,
                       .false., .false., .false., .false., .false., .false.,
                       .false., .false., .false., .false., .false., .false.,
                       .false., .false., .false., .false., .false., .false.,
                       .false., .false., .false., .false.
    obc_tan = 'NOGRAD', 'NOGRAD', 'NOGRAD', 'NOGRAD'
    obc_tra = 'NOGRAD', 'NOGRAD', 'NOGRAD', 'NOGRAD', 'NOGRAD', 'NOGRAD',
              'NOGRAD', 'NOGRAD', 'NOGRAD', 'NOGRAD', 'NOGRAD', 'NOGRAD',
              'NOGRAD', 'NOGRAD', 'NOGRAD', 'NOGRAD', 'NOGRAD', 'NOGRAD',
              'NOGRAD', 'NOGRAD', 'NOGRAD', 'NOGRAD', 'NOGRAD', 'NOGRAD',
              'NOGRAD', 'NOGRAD', 'NOGRAD', 'NOGRAD', 'NOGRAD', 'NOGRAD',
              'NOGRAD', 'NOGRAD', 'NOGRAD', 'NOGRAD', 'NOGRAD', 'NOGRAD',
              'NOGRAD', 'NOGRAD', 'NOGRAD', 'NOGRAD'
    obc_tracer_no_inflow = .false., .false., .false., .false., .false.,
                           .false., .false., .false., .false., .false.,
                           .false., .false., .false., .false., .false.,
                           .false., .false., .false., .false., .false.,
                           .false., .false., .false., .false., .false.,
                           .false., .false., .false., .false., .false.,
                           .false., .false., .false., .false., .false.,
                           .false., .false., .false., .false., .false.,
    obc_ud = 'NOGRAD', 'NOGRAD', 'NOGRAD', 'NOGRAD'
    obc_vert_advel_t = .false., .false., .false., .false.
    obc_vert_advel_u = .false., .false., .false., .false.
    rel_clin_pnts = 1, 1, 1, 1, 1, 1, 1, 1, 1, 1, 1, 1, 1, 1, 1, 1, 1, 1,
                    1, 1, 1, 1, 1, 1, 1, 1, 1, 1, 1, 1, 1, 1, 1, 1, 1, 1,
                    1, 1, 1, 1
    rel_coef_eta_in = 0.0, 0.0, 0.0, 0.0
    rel_coef_eta_out = 0.0, 0.0, 0.0, 0.0
    rel_coef_tracer_in = 0.0, 0.0, 0.0, 0.0, 0.0, 0.0, 0.0, 0.0, 0.0, 0.0,
                         0.0, 0.0, 0.0, 0.0, 0.0, 0.0, 0.0, 0.0, 0.0, 0.0,
                         0.0, 0.0, 0.0, 0.0, 0.0, 0.0, 0.0, 0.0, 0.0, 0.0,
                         0.0, 0.0, 0.0, 0.0, 0.0, 0.0, 0.0, 0.0, 0.0, 0.0,
    rel_coef_tracer_out = 0.0, 0.0, 0.0, 0.0, 0.0, 0.0, 0.0, 0.0, 0.0, 0.0,
                          0.0, 0.0, 0.0, 0.0, 0.0, 0.0, 0.0, 0.0, 0.0, 0.0,
                          0.0, 0.0, 0.0, 0.0, 0.0, 0.0, 0.0, 0.0, 0.0, 0.0,
                          0.0, 0.0, 0.0, 0.0, 0.0, 0.0, 0.0, 0.0, 0.0, 0.0,
    rel_eta_pnts = 1, 1, 1, 1
/

&ocean_operators_nml
    use_legacy_div_ud = .false.
/

&ocean_overexchange_nml
    debug_this_module = .false.
    do_bitwise_exact_sum = .false.
    overexch_check_extrema = .false.
    overexch_min_thickness = 4.0
    overexch_npts = 4
    overexch_stability = 0.25
    overexch_weight_far = .false.
    overexch_width = 1
    overflow_delta = 0.3333
    overflow_mu = 0.0001
    overflow_umax = 5.0
    use_this_module = .false.
/

&ocean_overflow_nml
    debug_this_module = .false.
    do_bitwise_exact_sum = .false.
    no_return_flow = .false.
    overflow_delta = 0.3333
    overflow_mu = 0.0001
    overflow_umax = 0.01
    transport_units = 'Sv'
    use_this_module = .false.
/

&ocean_parameters_nml
    cp_liquid_runoff = 4218.0
    cp_ocean = 3992.10322329649
    cp_solid_runoff = 2106.0
    grav = 9.8
    omega_earth = 7.2921e-05
    rho0 = 1035.0
    tfreeze = 273.15
/

&ocean_pressure_nml
    debug_this_module = .false.
    zero_correction_term_grad = .false.
    zero_diagonal_press_grad = .false.
    zero_eta_over_h_zstar_pressure = .false.
    zero_pressure_force = .false.
/

&ocean_rivermix_nml
    calving_insertion_thickness = 0.0
    debug_all_in_top_cell = .false.
    debug_this_module = .false.
    debug_this_module_heat = .false.
    discharge_combine_runoff_calve = .true.
    do_bitwise_exact_sum = .false.
    river_diffuse_salt = .false.
    river_diffuse_temp = .false.
    river_diffusion_thickness = 0.0
    river_diffusivity = 0.0
    river_insertion_thickness = 40.0
    runoff_insertion_thickness = 0.0
    use_this_module = .true.
/

&ocean_riverspread_nml
    debug_this_module = .false.
    riverspread_diffusion = .false.
    riverspread_diffusion_passes = 0
    use_this_module = .false.
    vel_micom_smooth = 0.2
/

&ocean_sbc_nml
    avg_sfc_temp_salt_eta = .true.
    avg_sfc_velocity = .true.
    calvingspread = .false.
    constant_hlf = .true.
    constant_hlv = .true.
    constant_sss_for_restore = 35.0
    constant_sst_for_restore = 12.0
    convert_river_to_pme = .false.
    debug_water_fluxes = .false.
    do_bitwise_exact_sum = .false.
    do_flux_correction = .false.
    do_langmuir = .false.
    eta_restore_tscale = -30.0
    ice_salt_concentration = 0.005
    land_model_heat_fluxes = .false.
    max_delta_salinity_restore = 0.5
    max_ice_thickness = 0.0
    read_restore_mask = .false.
    read_stokes_drift = .false.
    restore_mask_gfdl = .false.
    rotate_winds = .false.
    runoff_salinity = 0.0
    runoff_temp_min = 0.0
    runoffspread = .false.
    salinity_ref = 35.0
    salt_correction_scale = 0.0
    salt_restore_as_salt_flux = .true.
    salt_restore_tscale = 60.0
    salt_restore_under_ice = .true.
    sbc_heat_fluxes_const = .false.
    sbc_heat_fluxes_const_seasonal = .false.
    sbc_heat_fluxes_const_value = 0.0
    tau_x_correction_scale = 0.0
    tau_y_correction_scale = 0.0
    taux_sinx = .false.
    tauy_siny = .false.
    temp_correction_scale = 0.0
    temp_restore_tscale = -10.0
    use_constant_sss_for_restore = .false.
    use_constant_sst_for_restore = .false.
    use_full_patm_for_sea_level = .false.
    use_ideal_calving = .false.
    use_ideal_runoff = .false.
    use_waterflux = .true.
    use_waterflux_override_calving = .false.
    use_waterflux_override_evap = .false.
    use_waterflux_override_fprec = .false.
    waterflux_tavg = .false.
    zero_calving_fluxes = .false.
    zero_heat_fluxes = .false.
    zero_net_pme_eta_restore = .false.
    zero_net_salt_correction = .false.
    zero_net_salt_restore = .true.
    zero_net_water_correction = .false.
    zero_net_water_couple_restore = .true.
    zero_net_water_coupler = .true.
    zero_net_water_restore = .true.
    zero_pme_fluxes = .false.
    zero_river_fluxes = .false.
    zero_runoff_fluxes = .false.
    zero_surface_stress = .false.
    zero_water_fluxes = .false.
/

&ocean_sbc_ofam_nml
    restore_mask_ofam = .false.
    river_temp_ofam = .false.
/

&ocean_shortwave_gfdl_nml
    chl_default = 0.08
    debug_this_module = .false.
    enforce_sw_frac = .true.
    optics_for_uniform_chl = .false.
    optics_manizza = .true.
    optics_morel_antoine = .false.
    override_f_vis = .true.
    read_chl = .true.
    sw_frac_top = 0.0
    sw_morel_fixed_depths = .false.
    use_this_module = .true.
    zmax_pen = 300.0
/

&ocean_shortwave_nml
    use_shortwave_csiro = .false.
    use_shortwave_ext = .false.
    use_shortwave_gfdl = .true.
    use_shortwave_jerlov = .false.
    use_this_module = .true.
/

&ocean_sigma_transport_nml
    campingoose_delta = 0.3333
    campingoose_mu = 0.0001
    debug_this_module = .false.
    sigma_advection_check = .true.
    sigma_advection_on = .false.
    sigma_advection_sgs_only = .false.
    sigma_diffusion_on = .true.
    sigma_diffusivity = 1000.0
    sigma_diffusivity_ratio = 1e-06
    sigma_just_in_bottom_cell = .true.
    sigma_umax = 0.01
    smooth_sigma_thickness = .true.
    smooth_sigma_velocity = .true.
    smooth_velmicom = 0.2
    thickness_sigma_layer = 100.0
    thickness_sigma_max = 100.0
    thickness_sigma_min = 100.0
    tmask_sigma_on = .false.
    tracer_mix_micom = .true.
    use_this_module = .false.
    vel_micom = 0.05
    verbose_init = .true.
    write_a_restart = .true.
/

&ocean_solo_nml
    calendar = 'NOLEAP'
    date_init = 1, 1, 1, 0, 0, 0
    days = 0
    debug_this_module = .false.
    dt_cpld = 1800
    hours = 0
    layout_mask = 0, 0
    mask_list = 0, 0, 0, 0, 0, 0, 0, 0, 0, 0, 0, 0, 0, 0, 0, 0, 0, 0, 0,
                0, 0, 0, 0, 0, 0, 0, 0, 0, 0, 0, 0, 0, 0, 0, 0, 0, 0, 0,
                0, 0, 0, 0, 0, 0, 0, 0, 0, 0, 0, 0, 0, 0, 0, 0, 0, 0, 0,
                0, 0, 0, 0, 0, 0, 0, 0, 0, 0, 0, 0, 0, 0, 0, 0, 0, 0, 0,
                0, 0, 0, 0, 0, 0, 0, 0, 0, 0, 0, 0, 0, 0, 0, 0, 0, 0, 0,
                0, 0, 0, 0, 0, 0, 0, 0, 0, 0, 0, 0, 0, 0, 0, 0, 0, 0, 0,
                0, 0, 0, 0, 0, 0, 0, 0, 0, 0, 0, 0, 0, 0, 0, 0, 0, 0, 0,
                0, 0, 0, 0, 0, 0, 0, 0, 0, 0, 0, 0, 0, 0, 0, 0, 0, 0, 0,
                0, 0, 0, 0, 0, 0, 0, 0, 0, 0, 0, 0, 0, 0, 0, 0, 0, 0, 0,
                0, 0, 0, 0, 0, 0, 0, 0, 0, 0, 0, 0, 0, 0, 0, 0, 0, 0, 0,
                0, 0, 0, 0, 0, 0, 0, 0, 0, 0, 0, 0, 0, 0, 0, 0, 0, 0, 0,
                0, 0, 0, 0, 0, 0, 0, 0, 0, 0, 0, 0, 0, 0, 0, 0, 0, 0, 0,
                0, 0, 0, 0, 0, 0, 0, 0, 0, 0, 0, 0, 0, 0, 0, 0, 0, 0, 0,
                0, 0, 0, 0, 0, 0, 0, 0, 0, 0, 0, 0, 0, 0, 0, 0, 0, 0, 0,
                0, 0, 0, 0, 0, 0, 0, 0, 0, 0, 0, 0, 0, 0, 0, 0, 0, 0, 0,
                0, 0, 0, 0, 0, 0, 0, 0, 0, 0, 0, 0, 0, 0, 0, 0, 0, 0, 0,
                0, 0, 0, 0, 0, 0, 0, 0, 0, 0, 0, 0, 0, 0, 0, 0, 0, 0, 0,
                0, 0, 0, 0, 0, 0, 0, 0, 0, 0, 0, 0, 0, 0, 0, 0, 0, 0, 0,
                0, 0, 0, 0, 0, 0, 0, 0, 0, 0, 0, 0, 0, 0, 0, 0, 0, 0, 0,
                0, 0, 0, 0, 0, 0, 0, 0, 0, 0, 0, 0, 0, 0, 0, 0, 0, 0, 0,
                0, 0, 0, 0, 0, 0, 0, 0, 0, 0, 0, 0, 0, 0, 0, 0, 0, 0, 0,
                0, 0, 0, 0, 0, 0, 0, 0, 0, 0, 0, 0, 0, 0, 0, 0, 0, 0, 0,
                0, 0, 0, 0, 0, 0, 0, 0, 0, 0, 0, 0, 0, 0, 0, 0, 0, 0, 0,
                0, 0, 0, 0, 0, 0, 0, 0, 0, 0, 0, 0, 0, 0, 0, 0, 0, 0, 0,
                0, 0, 0, 0, 0, 0, 0, 0, 0, 0, 0, 0, 0, 0, 0, 0, 0, 0, 0,
                0, 0, 0, 0, 0, 0, 0, 0, 0, 0, 0, 0, 0, 0, 0, 0, 0, 0, 0,
                0, 0, 0, 0, 0, 0, 0, 0, 0, 0, 0, 0, 0, 0, 0, 0, 0, 0, 0,
                0, 0, 0, 0, 0, 0, 0, 0, 0, 0, 0, 0, 0, 0, 0, 0, 0, 0, 0,
                0, 0, 0, 0, 0, 0, 0, 0, 0, 0, 0, 0, 0, 0, 0, 0, 0, 0, 0,
                0, 0, 0, 0, 0, 0, 0, 0, 0, 0, 0, 0, 0, 0, 0, 0, 0, 0, 0,
                0, 0, 0, 0, 0, 0, 0, 0, 0, 0, 0, 0, 0, 0, 0, 0, 0, 0, 0,
                0, 0, 0, 0, 0, 0, 0, 0, 0, 0, 0, 0, 0, 0, 0, 0, 0, 0, 0,
                0, 0, 0, 0, 0, 0, 0, 0, 0, 0, 0, 0, 0, 0, 0, 0, 0, 0, 0,
                0, 0, 0, 0, 0, 0, 0, 0, 0, 0, 0, 0, 0, 0, 0, 0, 0, 0, 0,
                0, 0, 0, 0, 0, 0, 0, 0, 0, 0, 0, 0, 0, 0, 0, 0, 0, 0, 0,
                0, 0, 0, 0, 0, 0, 0, 0, 0, 0, 0, 0, 0, 0, 0, 0, 0, 0, 0,
                0, 0, 0, 0, 0, 0, 0, 0, 0, 0, 0, 0, 0, 0, 0, 0, 0, 0, 0,
                0, 0, 0, 0, 0, 0, 0, 0, 0, 0, 0, 0, 0, 0, 0, 0, 0, 0, 0,
                0, 0, 0, 0, 0, 0, 0, 0, 0, 0, 0, 0, 0, 0, 0, 0, 0, 0, 0,
                0, 0, 0, 0, 0, 0, 0, 0, 0, 0, 0, 0, 0, 0, 0, 0, 0, 0, 0,
                0, 0, 0, 0, 0, 0, 0, 0, 0, 0, 0, 0, 0, 0, 0, 0, 0, 0, 0,
                0, 0, 0, 0, 0, 0, 0, 0, 0, 0, 0, 0, 0, 0, 0, 0, 0, 0, 0,
                0, 0, 0, 0, 0, 0, 0, 0, 0, 0, 0, 0, 0, 0, 0, 0, 0, 0, 0,
                0, 0, 0, 0, 0, 0, 0, 0, 0, 0, 0, 0, 0, 0, 0, 0, 0, 0, 0,
                0, 0, 0, 0, 0, 0, 0, 0, 0, 0, 0, 0, 0, 0, 0, 0, 0, 0, 0,
                0, 0, 0, 0, 0, 0, 0, 0, 0, 0, 0, 0, 0, 0, 0, 0, 0, 0, 0,
                0, 0, 0, 0, 0, 0, 0, 0, 0, 0, 0, 0, 0, 0, 0, 0, 0, 0, 0,
                0, 0, 0, 0, 0, 0, 0, 0, 0, 0, 0, 0, 0, 0, 0, 0, 0, 0, 0,
                0, 0, 0, 0, 0, 0, 0, 0, 0, 0, 0, 0, 0, 0, 0, 0, 0, 0, 0,
                0, 0, 0, 0, 0, 0, 0, 0, 0, 0, 0, 0, 0, 0, 0, 0, 0, 0, 0,
                0, 0, 0, 0, 0, 0, 0, 0, 0, 0, 0, 0, 0, 0, 0, 0, 0, 0, 0,
                0, 0, 0, 0, 0, 0, 0, 0, 0, 0, 0, 0, 0, 0, 0, 0, 0, 0, 0,
                0, 0, 0, 0, 0, 0, 0, 0, 0, 0, 0, 0, 0, 0, 0, 0, 0, 0, 0,
                0, 0, 0, 0, 0, 0, 0, 0, 0, 0, 0, 0, 0, 0, 0, 0, 0, 0, 0,
                0, 0, 0, 0, 0, 0, 0, 0, 0, 0, 0, 0, 0, 0, 0, 0, 0, 0, 0,
                0, 0, 0, 0, 0, 0, 0, 0, 0, 0, 0, 0, 0, 0, 0, 0, 0, 0, 0,
                0, 0, 0, 0, 0, 0, 0, 0, 0, 0, 0, 0, 0, 0, 0, 0, 0, 0, 0,
                0, 0, 0, 0, 0, 0, 0, 0, 0, 0, 0, 0, 0, 0, 0, 0, 0, 0, 0,
                0, 0, 0, 0, 0, 0, 0, 0, 0, 0, 0, 0, 0, 0, 0, 0, 0, 0, 0,
                0, 0, 0, 0, 0, 0, 0, 0, 0, 0, 0, 0, 0, 0, 0, 0, 0, 0, 0,
                0, 0, 0, 0, 0, 0, 0, 0, 0, 0, 0, 0, 0, 0, 0, 0, 0, 0, 0,
                0, 0, 0, 0, 0, 0, 0, 0, 0, 0, 0, 0, 0, 0, 0, 0, 0, 0, 0,
                0, 0, 0, 0, 0, 0, 0, 0, 0, 0, 0, 0, 0, 0, 0, 0, 0, 0, 0,
                0, 0, 0, 0, 0, 0, 0, 0, 0, 0, 0, 0, 0, 0, 0, 0, 0, 0, 0,
                0, 0, 0, 0, 0, 0, 0, 0, 0, 0, 0, 0, 0, 0, 0, 0, 0, 0, 0,
                0, 0, 0, 0, 0, 0, 0, 0, 0, 0, 0, 0, 0, 0, 0, 0, 0, 0, 0,
                0, 0, 0, 0, 0, 0, 0, 0, 0, 0, 0, 0, 0, 0, 0, 0, 0, 0, 0,
                0, 0, 0, 0, 0, 0, 0, 0, 0, 0, 0, 0, 0, 0, 0, 0, 0, 0, 0,
                0, 0, 0, 0, 0, 0, 0, 0, 0, 0, 0, 0, 0, 0, 0, 0, 0, 0, 0,
                0, 0, 0, 0, 0, 0, 0, 0, 0, 0, 0, 0, 0, 0, 0, 0, 0, 0, 0,
                0, 0, 0, 0, 0, 0, 0, 0, 0, 0, 0, 0, 0, 0, 0, 0, 0, 0, 0,
                0, 0, 0, 0, 0, 0, 0, 0, 0, 0, 0, 0, 0, 0, 0, 0, 0, 0, 0,
                0, 0, 0, 0, 0, 0, 0, 0, 0, 0, 0, 0, 0, 0, 0, 0, 0, 0, 0,
                0, 0, 0, 0, 0, 0, 0, 0, 0, 0, 0, 0, 0, 0, 0, 0, 0, 0, 0,
                0, 0, 0, 0, 0, 0, 0, 0, 0, 0, 0, 0, 0, 0, 0, 0, 0, 0, 0,
                0, 0, 0, 0, 0, 0, 0, 0, 0, 0, 0, 0, 0, 0, 0, 0, 0, 0, 0,
                0, 0, 0, 0, 0, 0, 0, 0, 0, 0, 0, 0, 0, 0, 0, 0, 0, 0, 0,
                0, 0, 0, 0, 0, 0, 0, 0, 0, 0, 0, 0, 0, 0, 0, 0, 0, 0, 0,
                0, 0, 0, 0, 0, 0, 0, 0, 0, 0, 0, 0, 0, 0, 0, 0, 0, 0, 0,
                0, 0, 0, 0, 0, 0, 0, 0, 0, 0, 0, 0, 0, 0, 0, 0, 0, 0, 0,
                0, 0, 0, 0, 0, 0, 0, 0, 0, 0, 0, 0, 0, 0, 0, 0, 0, 0, 0,
                0, 0, 0, 0, 0, 0, 0, 0, 0, 0, 0, 0, 0, 0, 0, 0, 0, 0, 0,
                0, 0, 0, 0, 0, 0, 0, 0, 0, 0, 0, 0, 0, 0, 0, 0, 0, 0, 0,
                0, 0, 0, 0, 0, 0, 0, 0, 0, 0, 0, 0, 0, 0, 0, 0, 0, 0, 0,
                0, 0, 0, 0, 0, 0, 0, 0, 0, 0, 0, 0, 0, 0, 0, 0, 0, 0, 0,
                0, 0, 0, 0, 0, 0, 0, 0, 0, 0, 0, 0, 0, 0, 0, 0, 0, 0, 0,
                0, 0, 0, 0, 0, 0, 0, 0, 0, 0, 0, 0, 0, 0, 0, 0, 0, 0, 0,
                0, 0, 0, 0, 0, 0, 0, 0, 0, 0, 0, 0, 0, 0, 0, 0, 0, 0, 0,
                0, 0, 0, 0, 0, 0, 0, 0, 0, 0, 0, 0, 0, 0, 0, 0, 0, 0, 0,
                0, 0, 0, 0, 0, 0, 0, 0, 0, 0, 0, 0, 0, 0, 0, 0, 0, 0, 0,
                0, 0, 0, 0, 0, 0, 0, 0, 0, 0, 0, 0, 0, 0, 0, 0, 0, 0, 0,
                0, 0, 0, 0, 0, 0, 0, 0, 0, 0, 0, 0, 0, 0, 0, 0, 0, 0, 0,
                0, 0, 0, 0, 0, 0, 0, 0, 0, 0, 0, 0, 0, 0, 0, 0, 0, 0, 0,
                0, 0, 0, 0, 0, 0, 0, 0, 0, 0, 0, 0, 0, 0, 0, 0, 0, 0, 0,
                0, 0, 0, 0, 0, 0, 0, 0, 0, 0, 0, 0, 0, 0, 0, 0, 0, 0, 0,
                0, 0, 0, 0, 0, 0, 0, 0, 0, 0, 0, 0, 0, 0, 0, 0, 0, 0, 0,
                0, 0, 0, 0, 0, 0, 0, 0, 0, 0, 0, 0, 0, 0, 0, 0, 0, 0, 0,
                0, 0, 0, 0, 0, 0, 0, 0, 0, 0, 0, 0, 0, 0, 0, 0, 0, 0, 0,
                0, 0, 0, 0, 0, 0, 0, 0, 0, 0, 0, 0, 0, 0, 0, 0, 0, 0, 0,
                0, 0, 0, 0, 0, 0, 0, 0, 0, 0, 0, 0, 0, 0, 0, 0, 0, 0, 0,
                0, 0, 0, 0, 0, 0, 0, 0, 0, 0, 0, 0, 0, 0, 0, 0, 0, 0, 0,
                0, 0, 0, 0, 0, 0, 0, 0, 0, 0, 0, 0, 0, 0, 0, 0, 0, 0, 0,
                0, 0, 0, 0, 0, 0, 0, 0, 0, 0, 0, 0, 0, 0, 0, 0, 0, 0, 0,
                0, 0, 0, 0, 0, 0, 0, 0, 0, 0, 0, 0, 0, 0, 0, 0, 0, 0, 0,
                0, 0, 0, 0, 0, 0, 0, 0, 0, 0, 0, 0, 0, 0, 0, 0, 0, 0, 0,
                0, 0, 0, 0, 0, 0, 0, 0, 0, 0, 0, 0, 0, 0, 0, 0, 0, 0, 0,
                0, 0, 0, 0, 0, 0, 0, 0, 0, 0, 0, 0, 0, 0, 0, 0, 0, 0, 0,
                0, 0, 0, 0, 0, 0, 0, 0, 0, 0, 0, 0, 0, 0, 0, 0, 0, 0, 0,
                0, 0, 0, 0, 0, 0, 0, 0, 0, 0, 0, 0, 0, 0, 0, 0, 0, 0, 0,
                0, 0, 0, 0, 0, 0, 0, 0, 0, 0, 0, 0, 0, 0, 0, 0, 0, 0, 0,
                0, 0, 0, 0, 0, 0, 0, 0, 0, 0, 0, 0, 0, 0, 0, 0, 0, 0, 0,
                0, 0, 0, 0, 0, 0, 0, 0, 0, 0, 0, 0, 0, 0, 0, 0, 0, 0, 0,
                0, 0, 0, 0, 0, 0, 0, 0, 0, 0, 0, 0, 0, 0, 0, 0, 0, 0, 0,
                0, 0, 0, 0, 0, 0, 0, 0, 0, 0, 0, 0, 0, 0, 0, 0, 0, 0, 0,
                0, 0, 0, 0, 0, 0, 0, 0, 0, 0, 0, 0, 0, 0, 0, 0, 0, 0, 0,
                0, 0, 0, 0, 0, 0, 0, 0, 0, 0, 0, 0, 0, 0, 0, 0, 0, 0, 0,
                0, 0, 0, 0, 0, 0, 0, 0, 0, 0, 0, 0, 0, 0, 0, 0, 0, 0, 0,
                0, 0, 0, 0, 0, 0, 0, 0, 0, 0, 0, 0, 0, 0, 0, 0, 0, 0, 0,
                0, 0, 0, 0, 0, 0, 0, 0, 0, 0, 0, 0, 0, 0, 0, 0, 0, 0, 0,
                0, 0, 0, 0, 0, 0, 0, 0, 0, 0, 0, 0, 0, 0, 0, 0, 0, 0, 0,
                0, 0, 0, 0, 0, 0, 0, 0, 0, 0, 0, 0, 0, 0, 0, 0, 0, 0, 0,
                0, 0, 0, 0, 0, 0, 0, 0, 0, 0, 0, 0, 0, 0, 0, 0, 0, 0, 0,
                0, 0, 0, 0, 0, 0, 0, 0, 0, 0, 0, 0, 0, 0, 0, 0, 0, 0, 0,
                0, 0, 0, 0, 0, 0, 0, 0, 0, 0, 0, 0, 0, 0, 0, 0, 0, 0, 0,
                0, 0, 0, 0, 0, 0, 0, 0, 0, 0, 0, 0, 0, 0, 0, 0, 0, 0, 0,
                0, 0, 0, 0, 0, 0, 0, 0, 0, 0, 0, 0, 0, 0, 0, 0, 0, 0, 0,
                0, 0, 0, 0, 0, 0, 0, 0, 0, 0, 0, 0, 0, 0, 0, 0, 0, 0, 0,
                0, 0, 0, 0, 0, 0, 0, 0, 0, 0, 0, 0, 0, 0, 0, 0, 0, 0, 0,
                0, 0, 0, 0, 0, 0, 0, 0, 0, 0, 0, 0, 0, 0, 0, 0, 0, 0, 0,
                0, 0, 0, 0, 0, 0, 0, 0, 0, 0, 0, 0, 0, 0, 0, 0, 0, 0, 0,
                0, 0, 0, 0, 0, 0, 0, 0, 0, 0, 0, 0, 0, 0, 0, 0, 0, 0, 0,
                0, 0, 0, 0, 0, 0, 0, 0, 0, 0, 0, 0, 0, 0, 0, 0, 0, 0, 0,
                0, 0, 0, 0, 0, 0, 0, 0, 0, 0, 0, 0, 0, 0, 0, 0, 0, 0, 0,
                0, 0, 0, 0, 0, 0, 0, 0, 0, 0, 0, 0, 0, 0, 0, 0, 0, 0, 0,
                0, 0, 0, 0, 0, 0, 0, 0, 0, 0, 0, 0, 0, 0, 0, 0, 0, 0, 0,
                0, 0, 0, 0, 0, 0, 0, 0, 0, 0, 0, 0, 0, 0, 0, 0, 0, 0, 0,
                0, 0, 0, 0, 0, 0, 0, 0, 0, 0, 0, 0, 0, 0, 0, 0, 0, 0, 0,
                0, 0, 0, 0, 0, 0, 0, 0, 0, 0, 0, 0, 0, 0, 0, 0, 0, 0, 0,
                0, 0, 0, 0, 0, 0, 0, 0, 0, 0, 0, 0, 0, 0, 0, 0, 0, 0, 0,
                0, 0, 0, 0, 0, 0, 0, 0, 0, 0, 0, 0, 0, 0, 0, 0, 0, 0, 0,
                0, 0, 0, 0, 0, 0, 0, 0, 0, 0, 0, 0, 0, 0, 0, 0, 0, 0, 0,
                0, 0, 0, 0, 0, 0, 0, 0, 0, 0, 0, 0, 0, 0, 0, 0, 0, 0, 0,
                0, 0, 0, 0, 0, 0, 0, 0, 0, 0, 0, 0, 0, 0, 0, 0, 0, 0, 0,
                0, 0, 0, 0, 0, 0, 0, 0, 0, 0, 0, 0, 0, 0, 0, 0, 0, 0, 0,
                0, 0, 0, 0, 0, 0, 0, 0, 0, 0, 0, 0, 0, 0, 0, 0, 0, 0, 0,
                0, 0, 0, 0, 0, 0, 0, 0, 0, 0, 0, 0, 0, 0, 0, 0, 0, 0, 0,
                0, 0, 0, 0, 0, 0, 0, 0, 0, 0, 0, 0, 0, 0, 0, 0, 0, 0, 0,
                0, 0, 0, 0, 0, 0, 0, 0, 0, 0, 0, 0, 0, 0, 0, 0, 0, 0, 0,
                0, 0, 0, 0, 0, 0, 0, 0, 0, 0, 0, 0, 0, 0, 0, 0, 0, 0, 0,
                0, 0, 0, 0, 0, 0, 0, 0, 0, 0, 0, 0, 0, 0, 0, 0, 0, 0, 0,
                0, 0, 0, 0, 0, 0, 0, 0, 0, 0, 0, 0, 0, 0, 0, 0, 0, 0, 0,
                0, 0, 0, 0, 0, 0, 0, 0, 0, 0, 0, 0, 0, 0, 0, 0, 0, 0, 0,
                0, 0, 0, 0, 0, 0, 0, 0, 0, 0, 0, 0, 0, 0, 0, 0, 0, 0, 0,
                0, 0, 0, 0, 0, 0, 0, 0, 0, 0, 0, 0, 0, 0, 0, 0, 0, 0, 0,
                0, 0, 0, 0, 0, 0, 0, 0, 0, 0, 0, 0, 0, 0, 0, 0, 0, 0, 0,
                0, 0, 0, 0, 0, 0, 0, 0, 0, 0, 0, 0, 0, 0, 0, 0, 0, 0, 0,
                0, 0, 0, 0, 0, 0, 0, 0, 0, 0, 0, 0, 0, 0, 0, 0, 0, 0, 0,
                0, 0, 0, 0, 0, 0, 0, 0, 0, 0, 0, 0, 0, 0, 0, 0, 0, 0, 0,
                0, 0, 0, 0, 0, 0, 0, 0, 0, 0, 0, 0, 0, 0, 0, 0, 0, 0, 0,
                0, 0, 0, 0, 0, 0, 0, 0, 0, 0, 0, 0, 0, 0, 0, 0, 0, 0, 0,
                0, 0, 0, 0, 0, 0, 0, 0, 0, 0, 0, 0, 0, 0, 0, 0, 0, 0, 0,
                0, 0, 0, 0, 0, 0, 0, 0, 0, 0, 0, 0, 0, 0, 0, 0, 0, 0, 0,
                0, 0, 0, 0, 0, 0, 0, 0, 0, 0, 0, 0, 0, 0, 0, 0, 0, 0, 0,
                0, 0, 0, 0, 0, 0, 0, 0, 0, 0, 0, 0, 0, 0, 0, 0, 0, 0, 0,
                0, 0, 0, 0, 0, 0, 0, 0, 0, 0, 0, 0, 0, 0, 0, 0, 0, 0, 0,
                0, 0, 0, 0, 0, 0, 0, 0, 0, 0, 0, 0, 0, 0, 0, 0, 0, 0, 0,
                0, 0, 0, 0, 0, 0, 0, 0, 0, 0, 0, 0, 0, 0, 0, 0, 0, 0, 0,
                0, 0, 0, 0, 0, 0, 0, 0, 0, 0, 0, 0, 0, 0, 0, 0, 0, 0, 0,
                0, 0, 0, 0, 0, 0, 0, 0, 0, 0, 0, 0, 0, 0, 0, 0, 0, 0, 0,
                0, 0, 0, 0, 0, 0, 0, 0, 0, 0, 0, 0, 0, 0, 0, 0, 0, 0, 0,
                0, 0, 0, 0, 0, 0, 0, 0, 0, 0, 0, 0, 0, 0, 0, 0, 0, 0, 0,
                0, 0, 0, 0, 0, 0, 0, 0, 0, 0, 0, 0, 0, 0, 0, 0, 0, 0, 0,
                0, 0, 0, 0, 0, 0, 0, 0, 0, 0, 0, 0, 0, 0, 0, 0, 0, 0, 0,
                0, 0, 0, 0, 0, 0, 0, 0, 0, 0, 0, 0, 0, 0, 0, 0, 0, 0, 0,
                0, 0, 0, 0, 0, 0, 0, 0, 0, 0, 0, 0, 0, 0, 0, 0, 0, 0, 0,
                0, 0, 0, 0, 0, 0, 0, 0, 0, 0, 0, 0, 0, 0, 0, 0, 0, 0, 0,
                0, 0, 0, 0, 0, 0, 0, 0, 0, 0, 0, 0, 0, 0, 0, 0, 0, 0, 0,
                0, 0, 0, 0, 0, 0, 0, 0, 0, 0, 0, 0, 0, 0, 0, 0, 0, 0, 0,
                0, 0, 0, 0, 0, 0, 0, 0, 0, 0, 0, 0, 0, 0, 0, 0, 0, 0, 0,
                0, 0, 0, 0, 0, 0, 0, 0, 0, 0, 0, 0, 0, 0, 0, 0, 0, 0, 0,
                0, 0, 0, 0, 0, 0, 0, 0, 0, 0, 0, 0, 0, 0, 0, 0, 0, 0, 0,
                0, 0, 0, 0, 0, 0, 0, 0, 0, 0, 0, 0, 0, 0, 0, 0, 0, 0, 0,
                0, 0, 0, 0, 0, 0, 0, 0, 0, 0, 0, 0, 0, 0, 0, 0, 0, 0, 0,
                0, 0, 0, 0, 0, 0, 0, 0, 0, 0, 0, 0, 0, 0, 0, 0, 0, 0, 0,
                0, 0, 0, 0, 0, 0, 0, 0, 0, 0, 0, 0, 0, 0, 0, 0, 0, 0, 0,
                0, 0, 0, 0, 0, 0, 0, 0, 0, 0, 0, 0, 0, 0, 0, 0, 0, 0, 0,
                0, 0, 0, 0, 0, 0, 0, 0, 0, 0, 0, 0, 0, 0, 0, 0, 0, 0, 0,
                0, 0, 0, 0, 0, 0, 0, 0, 0, 0, 0, 0, 0, 0, 0, 0, 0, 0, 0,
                0, 0, 0, 0, 0, 0, 0, 0, 0, 0, 0, 0, 0, 0, 0, 0, 0, 0, 0,
                0, 0, 0, 0, 0, 0, 0, 0, 0, 0, 0, 0, 0, 0, 0, 0, 0, 0, 0,
                0, 0, 0, 0, 0, 0, 0, 0, 0, 0, 0, 0, 0, 0, 0, 0, 0, 0, 0,
                0, 0, 0, 0, 0, 0, 0, 0, 0, 0, 0, 0, 0, 0, 0, 0, 0, 0, 0,
                0, 0, 0, 0, 0, 0, 0, 0, 0, 0, 0, 0, 0, 0, 0, 0, 0, 0, 0,
                0, 0, 0, 0, 0, 0, 0, 0, 0, 0, 0, 0, 0, 0, 0, 0, 0, 0, 0,
                0, 0, 0, 0, 0, 0, 0, 0, 0, 0, 0, 0, 0, 0, 0, 0, 0, 0, 0,
                0, 0, 0, 0, 0, 0, 0, 0, 0, 0, 0, 0, 0, 0, 0, 0, 0, 0, 0,
                0, 0, 0, 0, 0, 0, 0, 0, 0, 0, 0, 0, 0, 0, 0, 0, 0, 0, 0,
                0, 0, 0, 0, 0, 0, 0, 0, 0, 0, 0, 0, 0, 0, 0, 0, 0, 0, 0,
                0, 0, 0, 0, 0, 0, 0, 0, 0, 0, 0, 0, 0, 0, 0, 0, 0, 0, 0,
                0, 0, 0, 0, 0, 0, 0, 0, 0, 0, 0, 0, 0, 0, 0, 0, 0, 0, 0,
                0, 0, 0, 0, 0, 0, 0, 0, 0, 0, 0, 0, 0, 0, 0, 0, 0, 0, 0,
                0, 0, 0, 0, 0, 0, 0, 0, 0, 0, 0, 0, 0, 0, 0, 0, 0, 0, 0,
                0, 0, 0, 0, 0, 0, 0, 0, 0, 0, 0, 0, 0, 0, 0, 0, 0, 0, 0,
                0, 0, 0, 0, 0, 0, 0, 0, 0, 0, 0, 0, 0, 0, 0, 0, 0, 0, 0,
                0, 0, 0, 0, 0, 0, 0, 0, 0, 0, 0, 0, 0, 0, 0, 0, 0, 0, 0,
                0, 0, 0, 0, 0, 0, 0, 0, 0, 0, 0, 0, 0, 0, 0, 0, 0, 0, 0,
                0, 0, 0, 0, 0, 0, 0, 0, 0, 0, 0, 0, 0, 0, 0, 0, 0, 0, 0,
                0, 0, 0, 0, 0, 0, 0, 0, 0, 0, 0, 0, 0, 0, 0, 0, 0, 0, 0,
                0, 0, 0, 0, 0, 0, 0, 0, 0, 0, 0, 0, 0, 0, 0, 0, 0, 0, 0,
                0, 0, 0, 0, 0, 0, 0, 0, 0, 0, 0, 0, 0, 0, 0, 0, 0, 0, 0,
                0, 0, 0, 0, 0, 0, 0, 0, 0, 0, 0, 0, 0, 0, 0, 0, 0, 0, 0,
                0, 0, 0, 0, 0, 0, 0, 0, 0, 0, 0, 0, 0, 0, 0, 0, 0, 0, 0,
                0, 0, 0, 0, 0, 0, 0, 0, 0, 0, 0, 0, 0, 0, 0, 0, 0, 0, 0,
                0, 0, 0, 0, 0, 0, 0, 0, 0, 0, 0, 0, 0, 0, 0, 0, 0, 0, 0,
                0, 0, 0, 0, 0, 0, 0, 0, 0, 0, 0, 0, 0, 0, 0, 0, 0, 0, 0,
                0, 0, 0, 0, 0, 0, 0, 0, 0, 0, 0
    minutes = 0
    months = 0
    n_mask = 0
    restart_interval = 0, 0, 0, 0, 0, 0
    seconds = 0
    years = 1
/

&ocean_sponges_eta_nml
    use_this_module = .false.
/

&ocean_sponges_eta_ofam_nml
    athresh = 0.5
    days_to_restore = 1
    lambda = 0.0083
    npower = 1.0
    secs_to_restore = 0
    taumin = 720.0
    use_adaptive_restore = .false.
    use_hard_thump = .false.
    use_normalising = .false.
    use_sponge_after_init = .false.
/

&ocean_sponges_tracer_nml
    damp_coeff_3d = .false.
    use_this_module = .false.
/

&ocean_sponges_tracer_ofam_nml
    athresh = 0.5
    days_to_restore = 1
    deflate = .false.
    deflate_fraction = 0.6
    lambda = 0.0083
    limit_salt = .false.
    limit_salt_min = 0.01
    limit_salt_restore = 3600.0
    limit_temp = .false.
    limit_temp_min = -1.8
    limit_temp_restore = 10800.0
    npower = 1.0
    secs_to_restore = 0
    taumin = 720.0
    use_adaptive_restore = .false.
    use_hard_thump = .false.
    use_normalising = .false.
    use_sponge_after_init = .false.
/

&ocean_sponges_velocity_nml
    damp_coeff_3d = .false.
    use_this_module = .false.
/

&ocean_sponges_velocity_ofam_nml
    athresh = 0.5
    days_to_restore = 1
    lambda = 0.0083
    npower = 1.0
    secs_to_restore = 0
    taumin = 720.0
    use_adaptive_restore = .false.
    use_hard_thump = .false.
    use_normalising = .false.
    use_sponge_after_init = .false.
/

&ocean_submesoscale_nml
    coefficient_ce = 0.05
    constant_hblt = 100.0
    debug_this_module = .false.
    diag_step = 1200
    front_length_const = 5000.0
    front_length_deform_radius = .true.
    limit_psi = .true.
    limit_psi_velocity_scale = 0.5
    min_kblt = 4
    minimum_hblt = 0.0
    smooth_advect_transport = .true.
    smooth_advect_transport_num = 4
    smooth_hblt = .false.
    smooth_hblt_num = 2
    smooth_psi = .true.
    smooth_psi_num = 3
    submeso_advect_flux = .false.
    submeso_advect_limit = .true.
    submeso_advect_sweby = .false.
    submeso_advect_upwind = .true.
    submeso_advect_zero_bdy = .true.
    submeso_diffusion = .false.
    submeso_diffusion_biharmonic = .true.
    submeso_diffusion_scale = 10.0
    submeso_limit_flux = .true.
    submeso_skew_flux = .true.
    time_constant = 86400.0
    use_hblt_constant = .false.
    use_hblt_equal_mld = .true.
    use_psi_legacy = .false.
    use_this_module = .true.
/

&ocean_tempsalt_nml
    debug_this_module = .false.
    pottemp_2nd_iteration = .true.
    pottemp_equal_contemp = .true.
    reinit_ts_with_ideal = .false.
    reinit_ts_with_ideal_efold = 1000.0
    reinit_ts_with_ideal_svalue = 30.0
    reinit_ts_with_ideal_tvalue = 10.0
    s_max = 70.0
    s_max_limit = 42.0
    s_min = 0.0
    s_min_limit = 2.0
    t_max = 55.0
    t_max_limit = 32.0
    t_min = -20.0
    t_min_limit = -5.0
    temperature_variable = 'potential_temp'
    teos10 = .false.
/

&ocean_thickness_nml
    debug_this_module = .false.
    debug_this_module_detail = .false.
    depth_min_for_sigma = 0.01
    enforce_positive_dzt = .false.
    epsilon_init_thickness = 1e-05
    full_step_topography = .false.
    initialize_zero_eta = .false.
    linear_free_surface = .false.
    max_num_bad_print = 25
    pbot0_simple = .false.
    read_rescale_rho0_mask = .false.
    read_rho0_profile = .false.
    rescale_mass_to_get_ht_mod = .false.
    rescale_rho0_basin_label = -1.0
    rescale_rho0_mask_gfdl = .false.
    rescale_rho0_value = 1.0
    thickness_dzt_min = 2.0
    thickness_dzt_min_init = 10.0
    thickness_method = 'energetic'
    update_dzwu_k0 = .true.
    write_a_restart = .true.
/

&ocean_topog_nml
    debug_this_module = .true.
    flat_bottom = .false.
    flat_bottom_ht = 5500.0
    flat_bottom_kmt = 50
    kmt_recompute = .false.
    kmt_recompute_offset = 0
    min_thickness = 1.0
    write_topog = .false.
/

&ocean_tracer_advect_nml
    advect_sweby_all = .false.
    async_domain_update = .false.
    debug_this_module = .false.
    limit_with_upwind = .false.
    psom_limit_prather = .false.
    read_basin_mask = .false.
    write_a_restart = .true.
    zero_tracer_advect_horz = .false.
    zero_tracer_advect_vert = .false.
/

&ocean_tracer_diag_nml
    buoyancy_crit = 0.0003
    debug_diagnose_mixinga = .false.
    debug_diagnose_mixingb = .false.
    debug_diagnose_mixingc = .false.
    debug_diagnose_mixingd = .false.
    diag_step = 4320
    do_bitwise_exact_sum = .false.
    dtheta_crit = 2.0
    frazil_factor = 1.0
    psu2ppt = 1.004867
    rho_grad_max = 1e+28
    rho_grad_min = 1e-05
    smooth_kappa_sort = 0
    smooth_mld = .false.
    smooth_mld_for_subduction = .true.
    tracer_conserve_days = 30.0
/

&ocean_tracer_nml
    age_tracer_max_init = 0.0
    compute_tmask_limit_on = .true.
    debug_this_module = .false.
    frazil_heating_after_vphysics = .true.
    frazil_heating_before_vphysics = .false.
    inflow_nboundary = .false.
    interpolate_tdiag_to_pbott = .false.
    interpolate_tprog_to_pbott = .true.
    limit_age_tracer = .true.
    ocean_tpm_debug = .false.
    remap_depth_to_s_init = .false.
    tmask_limit_ts_same = .true.
    use_tempsalt_check_range = .true.
    write_a_restart = .true.
    zero_tendency = .false.
    zero_tracer_source = .false.
/

&ocean_tracer_util_nml
    debug_diagnose_mass_of_layer = .false.
    epsln_diagnose_mass_of_layer = 1e-05
    rebin_onto_rho_all_values = .true.
/

&ocean_velocity_advect_nml
    debug_this_module = .false.
    velocity_advect_centered = .true.
    velocity_advect_upwind = .false.
    zero_velocity_advect_horz = .false.
    zero_velocity_advect_vert = .false.
/

&ocean_velocity_diag_nml
    debug_this_module = .false.
    diag_step = 4320
    do_bitwise_exact_sum = .false.
    energy_diag_step = 4320
    land_cell_num_max = 100
    large_cfl_value = 10.0
    max_cfl_value = 100.0
    verbose_cfl = .false.
/

&ocean_velocity_nml
    adams_bashforth_epsilon = 0.6
    adams_bashforth_third = .true.
    constant_u = 0.0
    constant_v = 0.0
    debug_this_module = .false.
    max_cgint = 1.5
    truncate_velocity = .false.
    truncate_velocity_lat = 0.0
    truncate_velocity_value = 2.0
    truncate_verbose = .true.
    update_velocity_via_uprime = .true.
    use_constant_velocity = .false.
    write_a_restart = .true.
    zero_tendency = .false.
    zero_tendency_explicit_a = .false.
    zero_tendency_explicit_b = .false.
    zero_tendency_implicit = .false.
/

&ocean_vert_kpp_mom4p1_nml
    bvf_from_below = .false.
    calc_visc_on_cgrid = .false.
    concv = 1.8
    cw_0 = 0.15
    debug_this_module = .false.
    diff_cbt_iw = 0.0
    diff_cbt_limit = 0.005
    diff_con_limit = 0.1
    do_langmuir = .false.
    double_diffusion = .true.
    hbl_with_rit = .false.
    kbl_standard_method = .false.
    kl_min = 2
    l_smyth = 2.0
    lgam = 1.04
    limit_ghats = .false.
    limit_with_hekman = .true.
    linear_hbl = .true.
    ltmax = 5.0
    non_local_kpp = .true.
    radiation_iow = .false.
    radiation_large = .false.
    radiation_zero = .false.
    ricr = 0.3
    shear_instability = .true.
    smooth_blmc = .false.
    smooth_ri_kmax_eq_kmu = .true.
    use_max_shear = .false.
    use_sbl_bottom_flux = .false.
    use_this_module = .true.
    variable_vtc = .false.
    visc_cbu_iw = 0.0
    visc_cbu_limit = 0.005
    visc_con_limit = 0.1
    wsfc_combine_runoff_calve = .true.
    wstfac = 0.6
/

&ocean_vert_mix_nml
    afkph_00 = 0.55
    afkph_90 = 0.55
    aidif = 1.0
    bryan_lewis_diffusivity = .false.
    bryan_lewis_lat_depend = .false.
    bryan_lewis_lat_transition = 35.0
    debug_this_module = .false.
    dfkph_00 = 1.05
    dfkph_90 = 1.05
    diff_cbt_tanh = .false.
    diff_cbt_tanh_max = 0.001
    diff_cbt_tanh_min = 2e-05
    diff_cbt_tanh_zmid = 150.0
    diff_cbt_tanh_zwid = 30.0
    hwf_30_diffusivity = 2e-05
    hwf_depth_transition = 25000000.0
    hwf_diffusivity = .false.
    hwf_diffusivity_3d = .false.
    hwf_min_diffusivity = 2e-06
    hwf_n0_2omega = 20.0
    linear_taper_diff_cbt_table = .false.
    num_121_passes = 1
    quebec_2009_10_bug = .false.
    sfkph_00 = 4.5e-05
    sfkph_90 = 4.5e-05
    smooth_rho_n2 = .true.
    use_diff_cbt_table = .false.
    use_explicit_vert_diffuse = .true.
    verbose_init = .true.
    vert_diff_back_via_max = .true.
    vert_mix_scheme = 'kpp_mom4p1'
    vert_visc_back = .false.
    visc_cbu_back_max = 0.01
    visc_cbu_back_min = 0.001
    visc_cbu_back_zmid = 50.0
    visc_cbu_back_zwid = 30.0
    vmix_min_diss_bvfreq_scale = 0.0006
    vmix_min_diss_const = 1e-07
    vmix_min_diss_flux_ri_max = 0.2
    vmix_rescale_nonbouss = .false.
    vmix_set_min_dissipation = .false.
    zfkph_00 = 250000.0
    zfkph_90 = 250000.0
/

&ocean_vert_tidal_nml
    background_diffusivity = 0.0
    background_viscosity = 0.0001
    bottom_drag_cd = 0.0024
    debug_this_module = .false.
    decay_scale = 500.0
    default_roughness_length = 25.0
    default_tide_speed = 0.01
    drag_dissipation_efold = .true.
    drag_dissipation_tide_period = 43200.0
    drag_dissipation_use_cdbot = .true.
    drag_mask_deep = .true.
    drag_mask_deep_ratio = 0.1
    drhodz_min = 1e-10
    fixed_wave_dissipation = .false.
    max_drag_diffusivity = 0.005
    max_wave_diffusivity = 0.01
    mixing_efficiency = 0.2
    mixing_efficiency_n2depend = .true.
    munk_anderson_p = 0.25
    munk_anderson_sigma = 3.0
    num_121_passes = 1
    read_leewave_dissipation = .false.
    read_roughness = .true.
    read_tide_speed = .true.
    read_wave_dissipation = .false.
    reading_roughness_amp = .true.
    reading_roughness_length = .false.
    roughness_scale = 12000.0
    shelf_depth_cutoff = -1000.0
    smooth_bvfreq_bottom = .true.
    smooth_rho_n2 = .true.
    speed_min = 0.005
    tidal_diss_efficiency = 0.33333
    tide_speed_data_on_t_grid = .true.
    use_drag_dissipation = .true.
    use_leewave_dissipation = .false.
    use_legacy_methods = .false.
    use_this_module = .true.
    use_wave_dissipation = .true.
    vel_micom_smooth = 0.2
    wave_diffusivity_monotonic = .true.
    wave_energy_flux_max = 0.1
/

&ocean_vert_util_nml
    debug_this_module = .false.
    num_n2_smooth = 1
    num_ri_smooth = 1
    smooth_n2 = .true.
    smooth_ri_number = .true.
/

&ocean_wave_nml
    damp_where_ice = .true.
    debug_this_module = .false.
    filter_wave_mom = .true.
    use_this_module = .false.
    use_tma = .true.
    wavedamp = -10.0
    write_a_restart = .true.
/

&time_interp_external_nml
    debug_this_module = .false.
    max_fields = 100
    max_files = 40
    num_io_buffers = 2
/

&time_interp_nml
    perthlike_behavior = .false.
/
